I, [2022-08-28T17:48:20.420431 #36192]  INFO -- default-centos-7: -----> Creating <default-centos-7>...
I, [2022-08-28T17:48:20.855647 #36192]  INFO -- default-centos-7: /usr/share/rubygems-integration/all/gems/vagrant-2.2.19/plugins/kernel_v2/config/vm.rb:319:in `network': wrong number of arguments (given 2, expected 1) (ArgumentError)
I, [2022-08-28T17:48:20.855735 #36192]  INFO -- default-centos-7: 	from /home/mli/chef-repo/.kitchen/kitchen-vagrant/default-centos-7/Vagrantfile:5:in `block in <top (required)>'
I, [2022-08-28T17:48:20.855758 #36192]  INFO -- default-centos-7: 	from /usr/share/rubygems-integration/all/gems/vagrant-2.2.19/lib/vagrant/config/v2/loader.rb:37:in `load'
I, [2022-08-28T17:48:20.855774 #36192]  INFO -- default-centos-7: 	from /usr/share/rubygems-integration/all/gems/vagrant-2.2.19/lib/vagrant/config/loader.rb:126:in `block (2 levels) in load'
I, [2022-08-28T17:48:20.855794 #36192]  INFO -- default-centos-7: 	from /usr/share/rubygems-integration/all/gems/vagrant-2.2.19/lib/vagrant/config/loader.rb:119:in `each'
I, [2022-08-28T17:48:20.855812 #36192]  INFO -- default-centos-7: 	from /usr/share/rubygems-integration/all/gems/vagrant-2.2.19/lib/vagrant/config/loader.rb:119:in `block in load'
I, [2022-08-28T17:48:20.855832 #36192]  INFO -- default-centos-7: 	from /usr/share/rubygems-integration/all/gems/vagrant-2.2.19/lib/vagrant/config/loader.rb:116:in `each'
I, [2022-08-28T17:48:20.855848 #36192]  INFO -- default-centos-7: 	from /usr/share/rubygems-integration/all/gems/vagrant-2.2.19/lib/vagrant/config/loader.rb:116:in `load'
I, [2022-08-28T17:48:20.855864 #36192]  INFO -- default-centos-7: 	from /usr/share/rubygems-integration/all/gems/vagrant-2.2.19/lib/vagrant/vagrantfile.rb:29:in `initialize'
I, [2022-08-28T17:48:20.855884 #36192]  INFO -- default-centos-7: 	from /usr/share/rubygems-integration/all/gems/vagrant-2.2.19/lib/vagrant/environment.rb:793:in `new'
I, [2022-08-28T17:48:20.855904 #36192]  INFO -- default-centos-7: 	from /usr/share/rubygems-integration/all/gems/vagrant-2.2.19/lib/vagrant/environment.rb:793:in `vagrantfile'
I, [2022-08-28T17:48:20.855922 #36192]  INFO -- default-centos-7: 	from /usr/share/rubygems-integration/all/gems/vagrant-2.2.19/lib/vagrant/environment.rb:974:in `process_configured_plugins'
I, [2022-08-28T17:48:20.855940 #36192]  INFO -- default-centos-7: 	from /usr/share/rubygems-integration/all/gems/vagrant-2.2.19/lib/vagrant/environment.rb:178:in `initialize'
I, [2022-08-28T17:48:20.855956 #36192]  INFO -- default-centos-7: 	from /usr/share/rubygems-integration/all/gems/vagrant-2.2.19/bin/vagrant:194:in `new'
I, [2022-08-28T17:48:20.855974 #36192]  INFO -- default-centos-7: 	from /usr/share/rubygems-integration/all/gems/vagrant-2.2.19/bin/vagrant:194:in `<top (required)>'
I, [2022-08-28T17:48:20.855990 #36192]  INFO -- default-centos-7: 	from /usr/bin/vagrant:25:in `load'
I, [2022-08-28T17:48:20.856011 #36192]  INFO -- default-centos-7: 	from /usr/bin/vagrant:25:in `<main>'
E, [2022-08-28T17:48:20.870799 #36192] ERROR -- default-centos-7: Create failed on instance <default-centos-7>.
E, [2022-08-28T17:48:20.870949 #36192] ERROR -- default-centos-7: ------Exception-------
E, [2022-08-28T17:48:20.870971 #36192] ERROR -- default-centos-7: Class: Kitchen::ShellOut::ShellCommandFailed
E, [2022-08-28T17:48:20.870985 #36192] ERROR -- default-centos-7: Message: Expected process to exit with [0], but received '1'
---- Begin output of vagrant up --no-provision --provider virtualbox ----
STDOUT: 
STDERR: /usr/share/rubygems-integration/all/gems/vagrant-2.2.19/plugins/kernel_v2/config/vm.rb:319:in `network': wrong number of arguments (given 2, expected 1) (ArgumentError)
	from /home/mli/chef-repo/.kitchen/kitchen-vagrant/default-centos-7/Vagrantfile:5:in `block in <top (required)>'
	from /usr/share/rubygems-integration/all/gems/vagrant-2.2.19/lib/vagrant/config/v2/loader.rb:37:in `load'
	from /usr/share/rubygems-integration/all/gems/vagrant-2.2.19/lib/vagrant/config/loader.rb:126:in `block (2 levels) in load'
	from /usr/share/rubygems-integration/all/gems/vagrant-2.2.19/lib/vagrant/config/loader.rb:119:in `each'
	from /usr/share/rubygems-integration/all/gems/vagrant-2.2.19/lib/vagrant/config/loader.rb:119:in `block in load'
	from /usr/share/rubygems-integration/all/gems/vagrant-2.2.19/lib/vagrant/config/loader.rb:116:in `each'
	from /usr/share/rubygems-integration/all/gems/vagrant-2.2.19/lib/vagrant/config/loader.rb:116:in `load'
	from /usr/share/rubygems-integration/all/gems/vagrant-2.2.19/lib/vagrant/vagrantfile.rb:29:in `initialize'
	from /usr/share/rubygems-integration/all/gems/vagrant-2.2.19/lib/vagrant/environment.rb:793:in `new'
	from /usr/share/rubygems-integration/all/gems/vagrant-2.2.19/lib/vagrant/environment.rb:793:in `vagrantfile'
	from /usr/share/rubygems-integration/all/gems/vagrant-2.2.19/lib/vagrant/environment.rb:974:in `process_configured_plugins'
	from /usr/share/rubygems-integration/all/gems/vagrant-2.2.19/lib/vagrant/environment.rb:178:in `initialize'
	from /usr/share/rubygems-integration/all/gems/vagrant-2.2.19/bin/vagrant:194:in `new'
	from /usr/share/rubygems-integration/all/gems/vagrant-2.2.19/bin/vagrant:194:in `<top (required)>'
	from /usr/bin/vagrant:25:in `load'
	from /usr/bin/vagrant:25:in `<main>'
---- End output of vagrant up --no-provision --provider virtualbox ----
Ran vagrant up --no-provision --provider virtualbox returned 1
E, [2022-08-28T17:48:20.871007 #36192] ERROR -- default-centos-7: ----------------------
E, [2022-08-28T17:48:20.871019 #36192] ERROR -- default-centos-7: ------Backtrace-------
E, [2022-08-28T17:48:20.871029 #36192] ERROR -- default-centos-7: /opt/chef-workstation/embedded/lib/ruby/gems/3.0.0/gems/test-kitchen-3.1.0/lib/kitchen/shell_out.rb:70:in `rescue in run_command'
E, [2022-08-28T17:48:20.871039 #36192] ERROR -- default-centos-7: /opt/chef-workstation/embedded/lib/ruby/gems/3.0.0/gems/test-kitchen-3.1.0/lib/kitchen/shell_out.rb:57:in `run_command'
E, [2022-08-28T17:48:20.871049 #36192] ERROR -- default-centos-7: /opt/chef-workstation/embedded/lib/ruby/gems/3.0.0/gems/kitchen-vagrant-1.10.0/lib/kitchen/driver/vagrant.rb:481:in `run_command'
E, [2022-08-28T17:48:20.871060 #36192] ERROR -- default-centos-7: /opt/chef-workstation/embedded/lib/ruby/gems/3.0.0/gems/kitchen-vagrant-1.10.0/lib/kitchen/driver/vagrant.rb:428:in `run'
E, [2022-08-28T17:48:20.871071 #36192] ERROR -- default-centos-7: /opt/chef-workstation/embedded/lib/ruby/gems/3.0.0/gems/kitchen-vagrant-1.10.0/lib/kitchen/driver/vagrant.rb:532:in `run_vagrant_up'
E, [2022-08-28T17:48:20.871081 #36192] ERROR -- default-centos-7: /opt/chef-workstation/embedded/lib/ruby/gems/3.0.0/gems/kitchen-vagrant-1.10.0/lib/kitchen/driver/vagrant.rb:117:in `create'
E, [2022-08-28T17:48:20.871091 #36192] ERROR -- default-centos-7: /opt/chef-workstation/embedded/lib/ruby/gems/3.0.0/gems/test-kitchen-3.1.0/lib/kitchen/instance.rb:495:in `public_send'
E, [2022-08-28T17:48:20.871101 #36192] ERROR -- default-centos-7: /opt/chef-workstation/embedded/lib/ruby/gems/3.0.0/gems/test-kitchen-3.1.0/lib/kitchen/instance.rb:495:in `block in perform_action'
E, [2022-08-28T17:48:20.871112 #36192] ERROR -- default-centos-7: /opt/chef-workstation/embedded/lib/ruby/gems/3.0.0/gems/test-kitchen-3.1.0/lib/kitchen/instance.rb:560:in `block in synchronize_or_call'
E, [2022-08-28T17:48:20.871123 #36192] ERROR -- default-centos-7: /opt/chef-workstation/embedded/lib/ruby/gems/3.0.0/gems/test-kitchen-3.1.0/lib/kitchen/instance.rb:558:in `synchronize'
E, [2022-08-28T17:48:20.871135 #36192] ERROR -- default-centos-7: /opt/chef-workstation/embedded/lib/ruby/gems/3.0.0/gems/test-kitchen-3.1.0/lib/kitchen/instance.rb:558:in `synchronize_or_call'
E, [2022-08-28T17:48:20.871145 #36192] ERROR -- default-centos-7: /opt/chef-workstation/embedded/lib/ruby/gems/3.0.0/gems/test-kitchen-3.1.0/lib/kitchen/instance.rb:524:in `block in action'
E, [2022-08-28T17:48:20.871156 #36192] ERROR -- default-centos-7: /opt/chef-workstation/embedded/lib/ruby/3.0.0/benchmark.rb:293:in `measure'
E, [2022-08-28T17:48:20.871167 #36192] ERROR -- default-centos-7: /opt/chef-workstation/embedded/lib/ruby/gems/3.0.0/gems/test-kitchen-3.1.0/lib/kitchen/instance.rb:523:in `action'
E, [2022-08-28T17:48:20.871201 #36192] ERROR -- default-centos-7: /opt/chef-workstation/embedded/lib/ruby/gems/3.0.0/gems/test-kitchen-3.1.0/lib/kitchen/instance.rb:495:in `perform_action'
E, [2022-08-28T17:48:20.871229 #36192] ERROR -- default-centos-7: /opt/chef-workstation/embedded/lib/ruby/gems/3.0.0/gems/test-kitchen-3.1.0/lib/kitchen/instance.rb:404:in `create_action'
E, [2022-08-28T17:48:20.871244 #36192] ERROR -- default-centos-7: /opt/chef-workstation/embedded/lib/ruby/gems/3.0.0/gems/test-kitchen-3.1.0/lib/kitchen/instance.rb:392:in `block (2 levels) in transition_to'
E, [2022-08-28T17:48:20.871255 #36192] ERROR -- default-centos-7: /opt/chef-workstation/embedded/lib/ruby/gems/3.0.0/gems/test-kitchen-3.1.0/lib/kitchen/lifecycle_hooks.rb:47:in `run_with_hooks'
E, [2022-08-28T17:48:20.871265 #36192] ERROR -- default-centos-7: /opt/chef-workstation/embedded/lib/ruby/gems/3.0.0/gems/test-kitchen-3.1.0/lib/kitchen/instance.rb:391:in `block in transition_to'
E, [2022-08-28T17:48:20.871276 #36192] ERROR -- default-centos-7: /opt/chef-workstation/embedded/lib/ruby/gems/3.0.0/gems/test-kitchen-3.1.0/lib/kitchen/instance.rb:390:in `each'
E, [2022-08-28T17:48:20.871288 #36192] ERROR -- default-centos-7: /opt/chef-workstation/embedded/lib/ruby/gems/3.0.0/gems/test-kitchen-3.1.0/lib/kitchen/instance.rb:390:in `transition_to'
E, [2022-08-28T17:48:20.871298 #36192] ERROR -- default-centos-7: /opt/chef-workstation/embedded/lib/ruby/gems/3.0.0/gems/test-kitchen-3.1.0/lib/kitchen/instance.rb:128:in `create'
E, [2022-08-28T17:48:20.871308 #36192] ERROR -- default-centos-7: /opt/chef-workstation/embedded/lib/ruby/gems/3.0.0/gems/test-kitchen-3.1.0/lib/kitchen/command.rb:195:in `public_send'
E, [2022-08-28T17:48:20.871318 #36192] ERROR -- default-centos-7: /opt/chef-workstation/embedded/lib/ruby/gems/3.0.0/gems/test-kitchen-3.1.0/lib/kitchen/command.rb:195:in `run_action_in_thread'
E, [2022-08-28T17:48:20.871330 #36192] ERROR -- default-centos-7: /opt/chef-workstation/embedded/lib/ruby/gems/3.0.0/gems/test-kitchen-3.1.0/lib/kitchen/command.rb:166:in `block (2 levels) in run_action'
E, [2022-08-28T17:48:20.871341 #36192] ERROR -- default-centos-7: /opt/chef-workstation/embedded/lib/ruby/gems/3.0.0/gems/logging-2.3.0/lib/logging/diagnostic_context.rb:474:in `block in create_with_logging_context'
E, [2022-08-28T17:48:20.871351 #36192] ERROR -- default-centos-7: ----End Backtrace-----
E, [2022-08-28T17:48:20.871361 #36192] ERROR -- default-centos-7: ---Nested Exception---
E, [2022-08-28T17:48:20.871371 #36192] ERROR -- default-centos-7: Class: Mixlib::ShellOut::ShellCommandFailed
E, [2022-08-28T17:48:20.871381 #36192] ERROR -- default-centos-7: Message: Expected process to exit with [0], but received '1'
---- Begin output of vagrant up --no-provision --provider virtualbox ----
STDOUT: 
STDERR: /usr/share/rubygems-integration/all/gems/vagrant-2.2.19/plugins/kernel_v2/config/vm.rb:319:in `network': wrong number of arguments (given 2, expected 1) (ArgumentError)
	from /home/mli/chef-repo/.kitchen/kitchen-vagrant/default-centos-7/Vagrantfile:5:in `block in <top (required)>'
	from /usr/share/rubygems-integration/all/gems/vagrant-2.2.19/lib/vagrant/config/v2/loader.rb:37:in `load'
	from /usr/share/rubygems-integration/all/gems/vagrant-2.2.19/lib/vagrant/config/loader.rb:126:in `block (2 levels) in load'
	from /usr/share/rubygems-integration/all/gems/vagrant-2.2.19/lib/vagrant/config/loader.rb:119:in `each'
	from /usr/share/rubygems-integration/all/gems/vagrant-2.2.19/lib/vagrant/config/loader.rb:119:in `block in load'
	from /usr/share/rubygems-integration/all/gems/vagrant-2.2.19/lib/vagrant/config/loader.rb:116:in `each'
	from /usr/share/rubygems-integration/all/gems/vagrant-2.2.19/lib/vagrant/config/loader.rb:116:in `load'
	from /usr/share/rubygems-integration/all/gems/vagrant-2.2.19/lib/vagrant/vagrantfile.rb:29:in `initialize'
	from /usr/share/rubygems-integration/all/gems/vagrant-2.2.19/lib/vagrant/environment.rb:793:in `new'
	from /usr/share/rubygems-integration/all/gems/vagrant-2.2.19/lib/vagrant/environment.rb:793:in `vagrantfile'
	from /usr/share/rubygems-integration/all/gems/vagrant-2.2.19/lib/vagrant/environment.rb:974:in `process_configured_plugins'
	from /usr/share/rubygems-integration/all/gems/vagrant-2.2.19/lib/vagrant/environment.rb:178:in `initialize'
	from /usr/share/rubygems-integration/all/gems/vagrant-2.2.19/bin/vagrant:194:in `new'
	from /usr/share/rubygems-integration/all/gems/vagrant-2.2.19/bin/vagrant:194:in `<top (required)>'
	from /usr/bin/vagrant:25:in `load'
	from /usr/bin/vagrant:25:in `<main>'
---- End output of vagrant up --no-provision --provider virtualbox ----
Ran vagrant up --no-provision --provider virtualbox returned 1
E, [2022-08-28T17:48:20.871400 #36192] ERROR -- default-centos-7: ----------------------
E, [2022-08-28T17:48:20.871411 #36192] ERROR -- default-centos-7: ------Backtrace-------
E, [2022-08-28T17:48:20.871421 #36192] ERROR -- default-centos-7: /opt/chef-workstation/embedded/lib/ruby/gems/3.0.0/gems/test-kitchen-3.1.0/lib/kitchen/shell_out.rb:70:in `rescue in run_command'
E, [2022-08-28T17:48:20.871431 #36192] ERROR -- default-centos-7: /opt/chef-workstation/embedded/lib/ruby/gems/3.0.0/gems/test-kitchen-3.1.0/lib/kitchen/shell_out.rb:57:in `run_command'
E, [2022-08-28T17:48:20.871441 #36192] ERROR -- default-centos-7: /opt/chef-workstation/embedded/lib/ruby/gems/3.0.0/gems/kitchen-vagrant-1.10.0/lib/kitchen/driver/vagrant.rb:481:in `run_command'
E, [2022-08-28T17:48:20.871451 #36192] ERROR -- default-centos-7: /opt/chef-workstation/embedded/lib/ruby/gems/3.0.0/gems/kitchen-vagrant-1.10.0/lib/kitchen/driver/vagrant.rb:428:in `run'
E, [2022-08-28T17:48:20.871463 #36192] ERROR -- default-centos-7: /opt/chef-workstation/embedded/lib/ruby/gems/3.0.0/gems/kitchen-vagrant-1.10.0/lib/kitchen/driver/vagrant.rb:532:in `run_vagrant_up'
E, [2022-08-28T17:48:20.871473 #36192] ERROR -- default-centos-7: /opt/chef-workstation/embedded/lib/ruby/gems/3.0.0/gems/kitchen-vagrant-1.10.0/lib/kitchen/driver/vagrant.rb:117:in `create'
E, [2022-08-28T17:48:20.871485 #36192] ERROR -- default-centos-7: /opt/chef-workstation/embedded/lib/ruby/gems/3.0.0/gems/test-kitchen-3.1.0/lib/kitchen/instance.rb:495:in `public_send'
E, [2022-08-28T17:48:20.871495 #36192] ERROR -- default-centos-7: /opt/chef-workstation/embedded/lib/ruby/gems/3.0.0/gems/test-kitchen-3.1.0/lib/kitchen/instance.rb:495:in `block in perform_action'
E, [2022-08-28T17:48:20.871504 #36192] ERROR -- default-centos-7: /opt/chef-workstation/embedded/lib/ruby/gems/3.0.0/gems/test-kitchen-3.1.0/lib/kitchen/instance.rb:560:in `block in synchronize_or_call'
E, [2022-08-28T17:48:20.871514 #36192] ERROR -- default-centos-7: /opt/chef-workstation/embedded/lib/ruby/gems/3.0.0/gems/test-kitchen-3.1.0/lib/kitchen/instance.rb:558:in `synchronize'
E, [2022-08-28T17:48:20.871524 #36192] ERROR -- default-centos-7: /opt/chef-workstation/embedded/lib/ruby/gems/3.0.0/gems/test-kitchen-3.1.0/lib/kitchen/instance.rb:558:in `synchronize_or_call'
E, [2022-08-28T17:48:20.871534 #36192] ERROR -- default-centos-7: /opt/chef-workstation/embedded/lib/ruby/gems/3.0.0/gems/test-kitchen-3.1.0/lib/kitchen/instance.rb:524:in `block in action'
E, [2022-08-28T17:48:20.871544 #36192] ERROR -- default-centos-7: /opt/chef-workstation/embedded/lib/ruby/3.0.0/benchmark.rb:293:in `measure'
E, [2022-08-28T17:48:20.871556 #36192] ERROR -- default-centos-7: /opt/chef-workstation/embedded/lib/ruby/gems/3.0.0/gems/test-kitchen-3.1.0/lib/kitchen/instance.rb:523:in `action'
E, [2022-08-28T17:48:20.871567 #36192] ERROR -- default-centos-7: /opt/chef-workstation/embedded/lib/ruby/gems/3.0.0/gems/test-kitchen-3.1.0/lib/kitchen/instance.rb:495:in `perform_action'
E, [2022-08-28T17:48:20.871577 #36192] ERROR -- default-centos-7: /opt/chef-workstation/embedded/lib/ruby/gems/3.0.0/gems/test-kitchen-3.1.0/lib/kitchen/instance.rb:404:in `create_action'
E, [2022-08-28T17:48:20.871590 #36192] ERROR -- default-centos-7: /opt/chef-workstation/embedded/lib/ruby/gems/3.0.0/gems/test-kitchen-3.1.0/lib/kitchen/instance.rb:392:in `block (2 levels) in transition_to'
E, [2022-08-28T17:48:20.871601 #36192] ERROR -- default-centos-7: /opt/chef-workstation/embedded/lib/ruby/gems/3.0.0/gems/test-kitchen-3.1.0/lib/kitchen/lifecycle_hooks.rb:47:in `run_with_hooks'
E, [2022-08-28T17:48:20.871619 #36192] ERROR -- default-centos-7: /opt/chef-workstation/embedded/lib/ruby/gems/3.0.0/gems/test-kitchen-3.1.0/lib/kitchen/instance.rb:391:in `block in transition_to'
E, [2022-08-28T17:48:20.871631 #36192] ERROR -- default-centos-7: /opt/chef-workstation/embedded/lib/ruby/gems/3.0.0/gems/test-kitchen-3.1.0/lib/kitchen/instance.rb:390:in `each'
E, [2022-08-28T17:48:20.871641 #36192] ERROR -- default-centos-7: /opt/chef-workstation/embedded/lib/ruby/gems/3.0.0/gems/test-kitchen-3.1.0/lib/kitchen/instance.rb:390:in `transition_to'
E, [2022-08-28T17:48:20.871652 #36192] ERROR -- default-centos-7: /opt/chef-workstation/embedded/lib/ruby/gems/3.0.0/gems/test-kitchen-3.1.0/lib/kitchen/instance.rb:128:in `create'
E, [2022-08-28T17:48:20.871662 #36192] ERROR -- default-centos-7: /opt/chef-workstation/embedded/lib/ruby/gems/3.0.0/gems/test-kitchen-3.1.0/lib/kitchen/command.rb:195:in `public_send'
E, [2022-08-28T17:48:20.871673 #36192] ERROR -- default-centos-7: /opt/chef-workstation/embedded/lib/ruby/gems/3.0.0/gems/test-kitchen-3.1.0/lib/kitchen/command.rb:195:in `run_action_in_thread'
E, [2022-08-28T17:48:20.871683 #36192] ERROR -- default-centos-7: /opt/chef-workstation/embedded/lib/ruby/gems/3.0.0/gems/test-kitchen-3.1.0/lib/kitchen/command.rb:166:in `block (2 levels) in run_action'
E, [2022-08-28T17:48:20.871695 #36192] ERROR -- default-centos-7: /opt/chef-workstation/embedded/lib/ruby/gems/3.0.0/gems/logging-2.3.0/lib/logging/diagnostic_context.rb:474:in `block in create_with_logging_context'
E, [2022-08-28T17:48:20.871706 #36192] ERROR -- default-centos-7: ----End Backtrace-----
